########################################################
#  Tempus Timing Analysis
#  Design     : counter
#  Library    : saed32nm_tt_1.8v_25c
#  Corner     : TT / 1.8V / 25C
#  Report     : report_clock
#  Date       : STA pre-layout run
########################################################

  ----------------------------------------------------------------------------------------
         Clock    Period(ns)          Waveform(ns)  Sources
  ----------------------------------------------------------------------------------------
           clk        10.000  { 0.000  5.000 }      {clk}
  ----------------------------------------------------------------------------------------

  Clock Attributes:
    Name                        : clk
    Period                      :   10.000 ns
    Waveform                    : { 0.000  5.000 }
    Sources                     : {clk}
    Generated clocks            : (none)
    Propagated                  : false  (ideal clock)
    Uncertainty (setup)         : - 0.100 ns
    Uncertainty (hold)          : + 0.100 ns

  Cells clocked by 'clk':
    count_reg[0]  (DFFRX2)
    count_reg[1]  (DFFRHQX2)
    count_reg[2]  (SDFFRHQX2)
    count_reg[3]  (SDFFRHQX2)

  Clock network statistics:
    Skew                        :   0.000 ns  (ideal)
    Insertion delay             :   0.000 ns
    Latency                     :   0.000 ns
